<?xml version="1.0" encoding="UTF-8"?>
<!-- Generated by org.testng.reporters.JUnitXMLReporter -->
<testsuite ignored="0" hostname="G09INXNN29009X1" failures="1" tests="2" name="Test1" time="25.937" errors="0" timestamp="2024-10-04T17:56:07 IST">
  <testcase classname="io.cucumber.testng.AbstractTestNGCucumberTests" name="runScenario" time="19.222"/>
  <testcase classname="io.cucumber.testng.AbstractTestNGCucumberTests" name="runScenario" time="24.924">
    <failure type="java.lang.AssertionError" message="expected [Sauce Labs Bike Light] but found [Sauce Labs Bike Lights]">
      <![CDATA[java.lang.AssertionError: expected [Sauce Labs Bike Light] but found [Sauce Labs Bike Lights]
at steps.AddProductToCart.userShouldSeeProductInCart(AddProductToCart.java:55)
at ✽.the user should see that the product "Sauce Labs Bike Lights" is in the cart(file:///D:/KT%20OECM/OneDrive%20-%20FUJITSU/Documents/Automation_Codes/Smoke%20Test%20Cases%20Automation/cucumberpocs/src/test/resources/featurefiles/addToCart.feature:9)
... Removed 6 stack frames]]>
    </failure>
  </testcase> <!-- runScenario -->
</testsuite> <!-- Test1 -->
