<?xml version="1.0" encoding="UTF-8"?>
<!-- Generated by org.testng.reporters.JUnitReportReporter -->
<testsuite hostname="DESKTOP-TGCDU3N" failures="1" tests="2" name="runners.AddToCartRunner" time="107.543" errors="0" timestamp="2024-10-09T23:21:45 IST" skipped="0">
  <testcase classname="runners.AddToCartRunner" name="runScenario" time="53.782"/>
  <testcase classname="runners.AddToCartRunner" name="runScenario" time="53.761">
    <failure message="expected [Sauce Labs Bike Light] but found [Sauce Labs Bike Lights]" type="java.lang.AssertionError">
      <![CDATA[java.lang.AssertionError: expected [Sauce Labs Bike Light] but found [Sauce Labs Bike Lights]
at org.testng.Assert.fail(Assert.java:111)
at org.testng.Assert.failNotEquals(Assert.java:1578)
at org.testng.Assert.assertEqualsImpl(Assert.java:150)
at org.testng.Assert.assertEquals(Assert.java:132)
at org.testng.Assert.assertEquals(Assert.java:656)
at org.testng.Assert.assertEquals(Assert.java:666)
at steps.AddProductToCart.userShouldSeeProductInCart(AddProductToCart.java:55)
at ✽.the user should see that the product "Sauce Labs Bike Lights" is in the cart(file:///C:/Users/pc/git/repository2/cucumberpocs/src/test/resources/featurefiles/addToCart.feature:9)
]]>
    </failure>
  </testcase> <!-- runScenario -->
</testsuite> <!-- runners.AddToCartRunner -->
