<?xml version="1.0" encoding="UTF-8"?>
<testng-results ignored="0" total="4" passed="3" failed="1" skipped="0">
  <reporter-output>
  </reporter-output>
  <suite started-at="2024-10-09T23:20:49 IST" name="Suite" finished-at="2024-10-09T23:21:45 IST" duration-ms="55730">
    <groups>
      <group name="cucumber">
        <method signature="AbstractTestNGCucumberTests.runScenario(io.cucumber.testng.PickleWrapper,io.cucumber.testng.FeatureWrapper)[pri:0, instance:runners.AddToCartRunner@7a35b0f5]" name="runScenario" class="io.cucumber.testng.AbstractTestNGCucumberTests"/>
        <method signature="AbstractTestNGCucumberTests.runScenario(io.cucumber.testng.PickleWrapper,io.cucumber.testng.FeatureWrapper)[pri:0, instance:runners.LoginRunner@304bb45b]" name="runScenario" class="io.cucumber.testng.AbstractTestNGCucumberTests"/>
      </group> <!-- cucumber -->
    </groups>
    <test started-at="2024-10-09T23:20:49 IST" name="Test2" finished-at="2024-10-09T23:21:45 IST" duration-ms="55726">
      <class name="runners.LoginRunner">
        <test-method is-config="true" signature="setUpClass(org.testng.ITestContext)[pri:0, instance:runners.LoginRunner@304bb45b]" started-at="2024-10-09T23:20:49 IST" name="setUpClass" finished-at="2024-10-09T23:20:51 IST" duration-ms="1264" status="PASS">
          <params>
            <param index="0">
              <value>
                <![CDATA[org.testng.TestRunner@7486b455]]>
              </value>
            </param>
          </params>
          <reporter-output>
          </reporter-output>
        </test-method> <!-- setUpClass -->
        <test-method signature="runScenario(io.cucumber.testng.PickleWrapper,io.cucumber.testng.FeatureWrapper)[pri:0, instance:runners.LoginRunner@304bb45b]" started-at="2024-10-09T23:20:51 IST" name="runScenario" description="Runs Cucumber Scenarios" data-provider="scenarios" finished-at="2024-10-09T23:21:45 IST" duration-ms="53809" status="PASS">
          <params>
            <param index="0">
              <value>
                <![CDATA["user login with different passwords"]]>
              </value>
            </param>
            <param index="1">
              <value>
                <![CDATA["Website login"]]>
              </value>
            </param>
          </params>
          <reporter-output>
          </reporter-output>
        </test-method> <!-- runScenario -->
        <test-method signature="runScenario(io.cucumber.testng.PickleWrapper,io.cucumber.testng.FeatureWrapper)[pri:0, instance:runners.LoginRunner@304bb45b]" started-at="2024-10-09T23:20:51 IST" name="runScenario" description="Runs Cucumber Scenarios" data-provider="scenarios" finished-at="2024-10-09T23:21:37 IST" duration-ms="46509" status="PASS">
          <params>
            <param index="0">
              <value>
                <![CDATA["user login with different passwords"]]>
              </value>
            </param>
            <param index="1">
              <value>
                <![CDATA["Website login"]]>
              </value>
            </param>
          </params>
          <reporter-output>
          </reporter-output>
        </test-method> <!-- runScenario -->
        <test-method is-config="true" signature="tearDownClass()[pri:0, instance:runners.LoginRunner@304bb45b]" started-at="2024-10-09T23:21:45 IST" name="tearDownClass" finished-at="2024-10-09T23:21:45 IST" duration-ms="553" status="PASS">
          <reporter-output>
          </reporter-output>
        </test-method> <!-- tearDownClass -->
      </class> <!-- runners.LoginRunner -->
    </test> <!-- Test2 -->
    <test started-at="2024-10-09T23:20:49 IST" name="Test1" finished-at="2024-10-09T23:21:45 IST" duration-ms="55727">
      <class name="runners.AddToCartRunner">
        <test-method is-config="true" signature="setUpClass(org.testng.ITestContext)[pri:0, instance:runners.AddToCartRunner@7a35b0f5]" started-at="2024-10-09T23:20:49 IST" name="setUpClass" finished-at="2024-10-09T23:20:51 IST" duration-ms="1269" status="PASS">
          <params>
            <param index="0">
              <value>
                <![CDATA[org.testng.TestRunner@23941fb4]]>
              </value>
            </param>
          </params>
          <reporter-output>
          </reporter-output>
        </test-method> <!-- setUpClass -->
        <test-method signature="runScenario(io.cucumber.testng.PickleWrapper,io.cucumber.testng.FeatureWrapper)[pri:0, instance:runners.AddToCartRunner@7a35b0f5]" started-at="2024-10-09T23:20:51 IST" name="runScenario" description="Runs Cucumber Scenarios" data-provider="scenarios" finished-at="2024-10-09T23:21:44 IST" duration-ms="53761" status="FAIL">
          <params>
            <param index="0">
              <value>
                <![CDATA["Verify the Same Product is Added to the Cart"]]>
              </value>
            </param>
            <param index="1">
              <value>
                <![CDATA["Add Product to Cart"]]>
              </value>
            </param>
          </params>
          <exception class="java.lang.AssertionError">
            <message>
              <![CDATA[expected [Sauce Labs Bike Light] but found [Sauce Labs Bike Lights]]]>
            </message>
            <full-stacktrace>
              <![CDATA[java.lang.AssertionError: expected [Sauce Labs Bike Light] but found [Sauce Labs Bike Lights]
at org.testng.Assert.fail(Assert.java:111)
at org.testng.Assert.failNotEquals(Assert.java:1578)
at org.testng.Assert.assertEqualsImpl(Assert.java:150)
at org.testng.Assert.assertEquals(Assert.java:132)
at org.testng.Assert.assertEquals(Assert.java:656)
at org.testng.Assert.assertEquals(Assert.java:666)
at steps.AddProductToCart.userShouldSeeProductInCart(AddProductToCart.java:55)
at ✽.the user should see that the product "Sauce Labs Bike Lights" is in the cart(file:///C:/Users/pc/git/repository2/cucumberpocs/src/test/resources/featurefiles/addToCart.feature:9)
]]>
            </full-stacktrace>
          </exception> <!-- java.lang.AssertionError -->
          <reporter-output>
          </reporter-output>
        </test-method> <!-- runScenario -->
        <test-method signature="runScenario(io.cucumber.testng.PickleWrapper,io.cucumber.testng.FeatureWrapper)[pri:0, instance:runners.AddToCartRunner@7a35b0f5]" started-at="2024-10-09T23:20:51 IST" name="runScenario" description="Runs Cucumber Scenarios" data-provider="scenarios" finished-at="2024-10-09T23:21:45 IST" duration-ms="53782" status="PASS">
          <params>
            <param index="0">
              <value>
                <![CDATA["Verify Cart Item"]]>
              </value>
            </param>
            <param index="1">
              <value>
                <![CDATA["Cart verification"]]>
              </value>
            </param>
          </params>
          <reporter-output>
          </reporter-output>
        </test-method> <!-- runScenario -->
        <test-method is-config="true" signature="tearDownClass()[pri:0, instance:runners.AddToCartRunner@7a35b0f5]" started-at="2024-10-09T23:21:45 IST" name="tearDownClass" finished-at="2024-10-09T23:21:45 IST" duration-ms="596" status="PASS">
          <reporter-output>
          </reporter-output>
        </test-method> <!-- tearDownClass -->
      </class> <!-- runners.AddToCartRunner -->
    </test> <!-- Test1 -->
  </suite> <!-- Suite -->
</testng-results>
